<?xml version="1.0" encoding="UTF-8"?>
<testsuite name="com.godbyul.spring.boot.web.dto.HelloResponseDtoTest" tests="1" skipped="0" failures="0" errors="0" timestamp="2021-11-24T16:59:38" hostname="Godbyul-MacBookPro.local" time="0.036">
  <properties/>
  <testcase name="HelloResponseDto_test" classname="com.godbyul.spring.boot.web.dto.HelloResponseDtoTest" time="0.036"/>
  <system-out><![CDATA[]]></system-out>
  <system-err><![CDATA[]]></system-err>
</testsuite>
